{"D:\\Git\\vue-js\\hw-07\\.eslintrc.js": {"path":"D:\\Git\\vue-js\\hw-07\\.eslintrc.js","statementMap":{"0":{"start":{"line":1,"column":0},"end":{"line":17,"column":1}}},"fnMap":{},"branchMap":{"0":{"loc":{"start":{"line":14,"column":18},"end":{"line":14,"column":72}},"type":"cond-expr","locations":[{"start":{"line":14,"column":58},"end":{"line":14,"column":64}},{"start":{"line":14,"column":67},"end":{"line":14,"column":72}}],"line":14},"1":{"loc":{"start":{"line":15,"column":19},"end":{"line":15,"column":73}},"type":"cond-expr","locations":[{"start":{"line":15,"column":59},"end":{"line":15,"column":65}},{"start":{"line":15,"column":68},"end":{"line":15,"column":73}}],"line":15}},"s":{"0":0},"f":{},"b":{"0":[0,0],"1":[0,0]}}
,"D:\\Git\\vue-js\\hw-07\\babel.config.js": {"path":"D:\\Git\\vue-js\\hw-07\\babel.config.js","statementMap":{"0":{"start":{"line":1,"column":0},"end":{"line":5,"column":1}}},"fnMap":{},"branchMap":{},"s":{"0":0},"f":{},"b":{}}
,"D:\\Git\\vue-js\\hw-07\\src\\App.vue": {"path":"D:\\Git\\vue-js\\hw-07\\src\\App.vue","statementMap":{"0":{"start":{"line":10,"column":0},"end":{"line":10,"column":null}},"1":{"start":{"line":11,"column":0},"end":{"line":11,"column":null}}},"fnMap":{},"branchMap":{},"s":{"0":0,"1":0},"f":{},"b":{}}
,"D:\\Git\\vue-js\\hw-07\\src\\main.js": {"path":"D:\\Git\\vue-js\\hw-07\\src\\main.js","statementMap":{"0":{"start":{"line":4,"column":0},"end":{"line":4,"column":32}},"1":{"start":{"line":6,"column":0},"end":{"line":8,"column":17}},"2":{"start":{"line":7,"column":15},"end":{"line":7,"column":21}}},"fnMap":{"0":{"name":"(anonymous_0)","decl":{"start":{"line":7,"column":10},"end":{"line":7,"column":11}},"loc":{"start":{"line":7,"column":15},"end":{"line":7,"column":21}},"line":7}},"branchMap":{},"s":{"0":0,"1":0,"2":0},"f":{"0":0},"b":{}}
,"D:\\Git\\vue-js\\hw-07\\src\\components\\Calculator.vue": {"path":"D:\\Git\\vue-js\\hw-07\\src\\components\\Calculator.vue","statementMap":{"0":{"start":{"line":44,"column":0},"end":{"line":44,"column":null}},"1":{"start":{"line":57,"column":0},"end":{"line":57,"column":null}},"2":{"start":{"line":58,"column":0},"end":{"line":58,"column":null}},"3":{"start":{"line":60,"column":0},"end":{"line":60,"column":null}},"4":{"start":{"line":62,"column":0},"end":{"line":62,"column":null}},"5":{"start":{"line":63,"column":0},"end":{"line":63,"column":null}},"6":{"start":{"line":64,"column":0},"end":{"line":64,"column":null}},"7":{"start":{"line":66,"column":0},"end":{"line":66,"column":null}},"8":{"start":{"line":67,"column":0},"end":{"line":67,"column":null}},"9":{"start":{"line":68,"column":0},"end":{"line":68,"column":null}},"10":{"start":{"line":70,"column":0},"end":{"line":70,"column":null}},"11":{"start":{"line":71,"column":0},"end":{"line":71,"column":null}},"12":{"start":{"line":72,"column":0},"end":{"line":72,"column":null}},"13":{"start":{"line":74,"column":0},"end":{"line":74,"column":null}},"14":{"start":{"line":75,"column":0},"end":{"line":75,"column":null}},"15":{"start":{"line":76,"column":0},"end":{"line":76,"column":null}},"16":{"start":{"line":78,"column":0},"end":{"line":78,"column":null}},"17":{"start":{"line":79,"column":0},"end":{"line":79,"column":null}},"18":{"start":{"line":80,"column":0},"end":{"line":80,"column":null}},"19":{"start":{"line":82,"column":0},"end":{"line":82,"column":null}},"20":{"start":{"line":83,"column":0},"end":{"line":83,"column":null}},"21":{"start":{"line":84,"column":0},"end":{"line":84,"column":null}},"22":{"start":{"line":88,"column":0},"end":{"line":96,"column":null}},"23":{"start":{"line":89,"column":0},"end":{"line":89,"column":null}},"24":{"start":{"line":90,"column":0},"end":{"line":96,"column":null}},"25":{"start":{"line":91,"column":0},"end":{"line":91,"column":null}},"26":{"start":{"line":92,"column":0},"end":{"line":96,"column":null}},"27":{"start":{"line":93,"column":0},"end":{"line":93,"column":null}},"28":{"start":{"line":94,"column":0},"end":{"line":96,"column":null}},"29":{"start":{"line":95,"column":0},"end":{"line":95,"column":null}},"30":{"start":{"line":99,"column":0},"end":{"line":103,"column":null}},"31":{"start":{"line":100,"column":0},"end":{"line":100,"column":null}},"32":{"start":{"line":102,"column":0},"end":{"line":102,"column":null}},"33":{"start":{"line":104,"column":0},"end":{"line":104,"column":null}},"34":{"start":{"line":107,"column":0},"end":{"line":111,"column":null}},"35":{"start":{"line":108,"column":0},"end":{"line":108,"column":null}},"36":{"start":{"line":110,"column":0},"end":{"line":110,"column":null}},"37":{"start":{"line":112,"column":0},"end":{"line":112,"column":null}},"38":{"start":{"line":115,"column":0},"end":{"line":122,"column":null}},"39":{"start":{"line":116,"column":0},"end":{"line":116,"column":null}},"40":{"start":{"line":117,"column":0},"end":{"line":117,"column":null}},"41":{"start":{"line":118,"column":0},"end":{"line":122,"column":null}},"42":{"start":{"line":119,"column":0},"end":{"line":119,"column":null}},"43":{"start":{"line":120,"column":0},"end":{"line":122,"column":null}},"44":{"start":{"line":121,"column":0},"end":{"line":121,"column":null}}},"fnMap":{"0":{"name":"(anonymous_1)","decl":{"start":{"line":44,"column":0},"end":{"line":44,"column":null}},"loc":{"start":{"line":44,"column":0},"end":{"line":44,"column":null}}},"1":{"name":"(anonymous_2)","decl":{"start":{"line":56,"column":0},"end":{"line":56,"column":null}},"loc":{"start":{"line":56,"column":0},"end":{"line":86,"column":null}}},"2":{"name":"(anonymous_3)","decl":{"start":{"line":87,"column":0},"end":{"line":87,"column":null}},"loc":{"start":{"line":87,"column":0},"end":{"line":97,"column":null}}},"3":{"name":"(anonymous_4)","decl":{"start":{"line":98,"column":0},"end":{"line":98,"column":null}},"loc":{"start":{"line":98,"column":0},"end":{"line":105,"column":null}}},"4":{"name":"(anonymous_5)","decl":{"start":{"line":106,"column":0},"end":{"line":106,"column":null}},"loc":{"start":{"line":106,"column":0},"end":{"line":113,"column":null}}},"5":{"name":"(anonymous_6)","decl":{"start":{"line":114,"column":0},"end":{"line":114,"column":null}},"loc":{"start":{"line":114,"column":0},"end":{"line":123,"column":null}}}},"branchMap":{"0":{"loc":{"start":{"line":61,"column":0},"end":{"line":64,"column":null}},"type":"switch","locations":[{"start":{"line":61,"column":0},"end":{"line":64,"column":null}},{"start":{"line":65,"column":0},"end":{"line":68,"column":null}},{"start":{"line":69,"column":0},"end":{"line":72,"column":null}},{"start":{"line":73,"column":0},"end":{"line":76,"column":null}},{"start":{"line":77,"column":0},"end":{"line":80,"column":null}},{"start":{"line":81,"column":0},"end":{"line":84,"column":null}}]},"1":{"loc":{"start":{"line":88,"column":0},"end":{"line":96,"column":null}},"type":"if","locations":[{"start":{"line":88,"column":0},"end":{"line":96,"column":null}},{"start":{"line":88,"column":0},"end":{"line":96,"column":null}}]},"2":{"loc":{"start":{"line":88,"column":0},"end":{"line":88,"column":null}},"type":"binary-expr","locations":[{"start":{"line":88,"column":0},"end":{"line":88,"column":null}},{"start":{"line":88,"column":0},"end":{"line":88,"column":null}}]},"3":{"loc":{"start":{"line":90,"column":0},"end":{"line":96,"column":null}},"type":"if","locations":[{"start":{"line":90,"column":0},"end":{"line":96,"column":null}},{"start":{"line":90,"column":0},"end":{"line":96,"column":null}}]},"4":{"loc":{"start":{"line":90,"column":0},"end":{"line":90,"column":null}},"type":"binary-expr","locations":[{"start":{"line":90,"column":0},"end":{"line":90,"column":null}},{"start":{"line":90,"column":0},"end":{"line":90,"column":null}}]},"5":{"loc":{"start":{"line":92,"column":0},"end":{"line":96,"column":null}},"type":"if","locations":[{"start":{"line":92,"column":0},"end":{"line":96,"column":null}},{"start":{"line":92,"column":0},"end":{"line":96,"column":null}}]},"6":{"loc":{"start":{"line":92,"column":0},"end":{"line":92,"column":null}},"type":"binary-expr","locations":[{"start":{"line":92,"column":0},"end":{"line":92,"column":null}},{"start":{"line":92,"column":0},"end":{"line":92,"column":null}}]},"7":{"loc":{"start":{"line":94,"column":0},"end":{"line":96,"column":null}},"type":"if","locations":[{"start":{"line":94,"column":0},"end":{"line":96,"column":null}},{"start":{"line":94,"column":0},"end":{"line":96,"column":null}}]},"8":{"loc":{"start":{"line":94,"column":0},"end":{"line":94,"column":null}},"type":"binary-expr","locations":[{"start":{"line":94,"column":0},"end":{"line":94,"column":null}},{"start":{"line":94,"column":0},"end":{"line":94,"column":null}}]},"9":{"loc":{"start":{"line":99,"column":0},"end":{"line":103,"column":null}},"type":"if","locations":[{"start":{"line":99,"column":0},"end":{"line":103,"column":null}},{"start":{"line":99,"column":0},"end":{"line":103,"column":null}}]},"10":{"loc":{"start":{"line":107,"column":0},"end":{"line":111,"column":null}},"type":"if","locations":[{"start":{"line":107,"column":0},"end":{"line":111,"column":null}},{"start":{"line":107,"column":0},"end":{"line":111,"column":null}}]},"11":{"loc":{"start":{"line":115,"column":0},"end":{"line":122,"column":null}},"type":"if","locations":[{"start":{"line":115,"column":0},"end":{"line":122,"column":null}},{"start":{"line":115,"column":0},"end":{"line":122,"column":null}}]},"12":{"loc":{"start":{"line":118,"column":0},"end":{"line":122,"column":null}},"type":"if","locations":[{"start":{"line":118,"column":0},"end":{"line":122,"column":null}},{"start":{"line":118,"column":0},"end":{"line":122,"column":null}}]},"13":{"loc":{"start":{"line":120,"column":0},"end":{"line":122,"column":null}},"type":"if","locations":[{"start":{"line":120,"column":0},"end":{"line":122,"column":null}},{"start":{"line":120,"column":0},"end":{"line":122,"column":null}}]}},"s":{"0":24,"1":7,"2":7,"3":7,"4":1,"5":1,"6":1,"7":1,"8":1,"9":1,"10":1,"11":1,"12":1,"13":2,"14":2,"15":2,"16":1,"17":1,"18":1,"19":1,"20":1,"21":1,"22":20,"23":8,"24":12,"25":8,"26":4,"27":2,"28":2,"29":2,"30":16,"31":14,"32":2,"33":16,"34":4,"35":2,"36":2,"37":4,"38":3,"39":1,"40":1,"41":2,"42":1,"43":1,"44":1},"f":{"0":24,"1":7,"2":20,"3":16,"4":4,"5":3},"b":{"0":[1,1,1,2,1,1],"1":[8,12],"2":[20,10],"3":[8,4],"4":[12,10],"5":[2,2],"6":[4,2],"7":[2,0],"8":[2,2],"9":[14,2],"10":[2,2],"11":[1,2],"12":[1,1],"13":[1,0]}}
}
