TN:
SF:.eslintrc.js
FNF:0
FNH:0
DA:1,0
LF:1
LH:0
BRDA:14,0,0,0
BRDA:14,0,1,0
BRDA:15,1,0,0
BRDA:15,1,1,0
BRF:4
BRH:0
end_of_record
TN:
SF:babel.config.js
FNF:0
FNH:0
DA:1,0
LF:1
LH:0
BRF:0
BRH:0
end_of_record
TN:
SF:src\App.vue
FNF:0
FNH:0
DA:10,0
DA:11,0
LF:2
LH:0
BRF:0
BRH:0
end_of_record
TN:
SF:src\main.js
FN:7,(anonymous_0)
FNF:1
FNH:0
FNDA:0,(anonymous_0)
DA:4,0
DA:6,0
DA:7,0
LF:3
LH:0
BRF:0
BRH:0
end_of_record
TN:
SF:src\components\Calculator.vue
FN:44,(anonymous_1)
FN:56,(anonymous_2)
FN:87,(anonymous_3)
FN:98,(anonymous_4)
FN:106,(anonymous_5)
FN:114,(anonymous_6)
FNF:6
FNH:6
FNDA:24,(anonymous_1)
FNDA:7,(anonymous_2)
FNDA:20,(anonymous_3)
FNDA:16,(anonymous_4)
FNDA:4,(anonymous_5)
FNDA:3,(anonymous_6)
DA:44,24
DA:57,7
DA:58,7
DA:60,7
DA:62,1
DA:63,1
DA:64,1
DA:66,1
DA:67,1
DA:68,1
DA:70,1
DA:71,1
DA:72,1
DA:74,2
DA:75,2
DA:76,2
DA:78,1
DA:79,1
DA:80,1
DA:82,1
DA:83,1
DA:84,1
DA:88,20
DA:89,8
DA:90,12
DA:91,8
DA:92,4
DA:93,2
DA:94,2
DA:95,2
DA:99,16
DA:100,14
DA:102,2
DA:104,16
DA:107,4
DA:108,2
DA:110,2
DA:112,4
DA:115,3
DA:116,1
DA:117,1
DA:118,2
DA:119,1
DA:120,1
DA:121,1
LF:45
LH:45
BRDA:61,0,0,1
BRDA:61,0,1,1
BRDA:61,0,2,1
BRDA:61,0,3,2
BRDA:61,0,4,1
BRDA:61,0,5,1
BRDA:88,1,0,8
BRDA:88,1,1,12
BRDA:88,2,0,20
BRDA:88,2,1,10
BRDA:90,3,0,8
BRDA:90,3,1,4
BRDA:90,4,0,12
BRDA:90,4,1,10
BRDA:92,5,0,2
BRDA:92,5,1,2
BRDA:92,6,0,4
BRDA:92,6,1,2
BRDA:94,7,0,2
BRDA:94,7,1,0
BRDA:94,8,0,2
BRDA:94,8,1,2
BRDA:99,9,0,14
BRDA:99,9,1,2
BRDA:107,10,0,2
BRDA:107,10,1,2
BRDA:115,11,0,1
BRDA:115,11,1,2
BRDA:118,12,0,1
BRDA:118,12,1,1
BRDA:120,13,0,1
BRDA:120,13,1,0
BRF:32
BRH:30
end_of_record
